<?xml version="1.0" encoding="UTF-8"?>
<!-- Generated by org.testng.reporters.JUnitXMLReporter -->
<testsuite hostname="ANKU-PC" ignored="0" name="Testing" tests="3" failures="1" timestamp="17 Mar 2019 10:25:53 GMT" time="0.073" errors="0">
  <testcase name="testDemoFailedMethod" time="0.026" classname="com.testng.listener.ListenerDemo">
    <failure type="junit.framework.ComparisonFailure" message="expected:&amp;lt;[ABC]&amp;gt; but was:&amp;lt;[XYZ]&amp;gt;">
      <![CDATA[junit.framework.ComparisonFailure: expected:<[ABC]> but was:<[XYZ]>
at junit.framework.Assert.assertEquals(Assert.java:100)
at junit.framework.Assert.assertEquals(Assert.java:107)
at com.testng.listener.ListenerDemo.testDemoFailedMethod(ListenerDemo.java:20)
... Removed 25 stack frames]]>
    </failure>
  </testcase> <!-- testDemoFailedMethod -->
  <testcase name="testDemoPassedMethod" time="0.002" classname="com.testng.listener.ListenerDemo"/>
  <testcase name="testDemoSkippedMethod" time="0.002" classname="com.testng.listener.ListenerDemo">
    <skipped/>
  </testcase> <!-- testDemoSkippedMethod -->
</testsuite> <!-- Testing -->
