<?xml version="1.0" encoding="UTF-8"?>
<!-- Generated by org.testng.reporters.JUnitXMLReporter -->
<testsuite hostname="ANKU-PC" ignored="2" name="Default test" tests="1" failures="0" timestamp="17 Mar 2019 09:50:32 GMT" time="0.055" errors="0">
  <testcase name="testDemoSkippedMethod" time="0.023" classname="com.testng.listener.ListenerDemo">
    <skipped/>
  </testcase> <!-- testDemoSkippedMethod -->
  <testcase name="testDemoPassedMethod" time="0.0" classname="com.testng.listener.ListenerDemo">
    <ignored/>
  </testcase> <!-- testDemoPassedMethod -->
  <testcase name="testDemoFailedMethod" time="0.0" classname="com.testng.listener.ListenerDemo">
    <ignored/>
  </testcase> <!-- testDemoFailedMethod -->
</testsuite> <!-- Default test -->
